
C:\Users\spost\AppData\Local\Temp\ipykernel_10136\2574177845.py:1: DtypeWarning: Columns (44,45,46,52,98,100,107,108,139,149,151,153,155,159,162,166,168,169,170,172,173) have mixed types. Specify dtype option on import or set low_memory=False.
  df = pd.read_table(StringIO(data), delimiter=';', on_bad_lines="skip")

C:\Users\spost\AppData\Local\Temp\ipykernel_10136\270387748.py:1: DtypeWarning: Columns (44,45,46,52,98,100,107,108,139,149,151,153,155,159,162,166,168,169,170,172,173) have mixed types. Specify dtype option on import or set low_memory=False.
  df = pd.read_table(StringIO(data), delimiter=';')

C:\Users\spost\AppData\Local\Temp\ipykernel_10136\1936820669.py:1: DtypeWarning: Columns (44,45,46,52,98,100,107,108,139,149,151,153,155,159,162,166,168,169,170,172,173) have mixed types. Specify dtype option on import or set low_memory=False.
  df = pd.read_table(StringIO(data), delimiter=';', header=None)

C:\Users\spost\AppData\Local\Temp\ipykernel_10136\3490232657.py:36: DtypeWarning: Columns (0,1,2,3,4,6,7,8,9,10) have mixed types. Specify dtype option on import or set low_memory=False.
  data = pd.read_csv(StringIO(data),delimiter=';', header=None)

C:\Users\spost\AppData\Local\Temp\ipykernel_10136\3490232657.py:36: DtypeWarning: Columns (44,45,46,52,98,100,107,108,139,149,151,153,155,159,162,166,168,169,170,172,173) have mixed types. Specify dtype option on import or set low_memory=False.
  data = pd.read_csv(StringIO(data),delimiter=';', header=None)

C:\Users\spost\AppData\Local\Temp\ipykernel_10136\2357504022.py:36: DtypeWarning: Columns (44,45,46,52,98,100,107,108,139,149,151,153,155,159,162,166,168,169,170,172,173) have mixed types. Specify dtype option on import or set low_memory=False.
  data = pd.read_csv(StringIO(data),delimiter=';', header=None)

C:\Users\spost\AppData\Local\Temp\ipykernel_10136\1047761185.py:36: DtypeWarning: Columns (44,45,46,52,98,100,107,108,139,149,151,153,155,159,162,166,168,169,170,172,173) have mixed types. Specify dtype option on import or set low_memory=False.
  data = pd.read_csv(StringIO(data),delimiter=';', header=None)

C:\Users\spost\AppData\Local\Temp\ipykernel_10136\1936820669.py:1: DtypeWarning: Columns (44,45,46,52,98,100,107,108,139,149,151,153,155,159,162,166,168,169,170,172,173) have mixed types. Specify dtype option on import or set low_memory=False.
  df = pd.read_table(StringIO(data), delimiter=';', header=None)

C:\Users\spost\AppData\Local\Temp\ipykernel_10136\4241426509.py:36: DtypeWarning: Columns (44,45,46,52,98,100,107,108,139,149,151,153,155,159,162,166,168,169,170,172,173) have mixed types. Specify dtype option on import or set low_memory=False.
  data = pd.read_csv(StringIO(data),delimiter=';', header=None)

04/02/2022, 13:48:47
CompletedProcess(args=['hadoop', 'fs', '-put', 'D:/Master/BDMA/Courses/Semester_2/Big_Data_Management/Project/dataimporta/windows/rawdata/descripcion-y-estructura-de-datos-dus.xlsx', '/temporal/chile/metadata/imp'], returncode=0, stdout=b'', stderr=b'')
 descripcion-y-estructura-de-datos-dus.xlsx removed successfully from local filesystem
04/02/2022, 13:49:39
CompletedProcess(args=['hadoop', 'fs', '-put', 'D:/Master/BDMA/Courses/Semester_2/Big_Data_Management/Project/dataimporta/windows/rawdata/descripcion-y-estructura-de-datos-din.xlsx', '/temporal/chile/metadata/exp'], returncode=0, stdout=b'', stderr=b'')
 descripcion-y-estructura-de-datos-din.xlsx removed successfully from local filesystem
04/02/2022, 14:37:37
CompletedProcess(args=['hadoop', 'fs', '-put', 'D:/Master/BDMA/Courses/Semester_2/Big_Data_Management/Project/dataimporta/windows/rawdata/descripcion-y-estructura-de-datos-din.xlsx', '/temporal/chile/metadata/exp'], returncode=0, stdout=b'', stderr=b'')
 descripcion-y-estructura-de-datos-din.xlsx removed successfully from local filesystem
04/02/2022, 15:12:13
CompletedProcess(args=['hadoop', 'fs', '-put', 'D:/Master/BDMA/Courses/Semester_2/Big_Data_Management/Project/dataimporta/windows/rawdata/EXPheaders.csv', '/temporal/chile/metadata/imp'], returncode=0, stdout=b'', stderr=b'')
 EXPheaders.csv removed successfully from local filesystem
04/02/2022, 15:50:44
CompletedProcess(args=['hadoop', 'fs', '-put', 'D:/Master/BDMA/Courses/Semester_2/Big_Data_Management/Project/dataimporta/windows/rawdata/CUCI.csv', '/temporal/brazil/metadata'], returncode=0, stdout=b'', stderr=b'')
 CUCI.csv removed successfully from local filesystem
04/02/2022, 15:50:46
CompletedProcess(args=['hadoop', 'fs', '-put', 'D:/Master/BDMA/Courses/Semester_2/Big_Data_Management/Project/dataimporta/windows/rawdata/ISIC .csv', '/temporal/brazil/metadata'], returncode=0, stdout=b'', stderr=b'')
 ISIC .csv removed successfully from local filesystem
04/02/2022, 15:50:48
CompletedProcess(args=['hadoop', 'fs', '-put', 'D:/Master/BDMA/Courses/Semester_2/Big_Data_Management/Project/dataimporta/windows/rawdata/MUN.csv', '/temporal/brazil/metadata'], returncode=0, stdout=b'', stderr=b'')
 MUN.csv removed successfully from local filesystem
04/02/2022, 15:50:50
CompletedProcess(args=['hadoop', 'fs', '-put', 'D:/Master/BDMA/Courses/Semester_2/Big_Data_Management/Project/dataimporta/windows/rawdata/NCM.csv', '/temporal/brazil/metadata'], returncode=0, stdout=b'', stderr=b'')
 NCM.csv removed successfully from local filesystem
04/02/2022, 15:50:52
CompletedProcess(args=['hadoop', 'fs', '-put', 'D:/Master/BDMA/Courses/Semester_2/Big_Data_Management/Project/dataimporta/windows/rawdata/NCM_FAT_AGREG.csv', '/temporal/brazil/metadata'], returncode=0, stdout=b'', stderr=b'')
 NCM_FAT_AGREG.csv removed successfully from local filesystem
04/02/2022, 15:50:54
CompletedProcess(args=['hadoop', 'fs', '-put', 'D:/Master/BDMA/Courses/Semester_2/Big_Data_Management/Project/dataimporta/windows/rawdata/NCM_PPE.csv', '/temporal/brazil/metadata'], returncode=0, stdout=b'', stderr=b'')
 NCM_PPE.csv removed successfully from local filesystem
04/02/2022, 15:50:56
CompletedProcess(args=['hadoop', 'fs', '-put', 'D:/Master/BDMA/Courses/Semester_2/Big_Data_Management/Project/dataimporta/windows/rawdata/PAIS.csv', '/temporal/brazil/metadata'], returncode=0, stdout=b'', stderr=b'')
 PAIS.csv removed successfully from local filesystem
04/02/2022, 15:50:58
CompletedProcess(args=['hadoop', 'fs', '-put', 'D:/Master/BDMA/Courses/Semester_2/Big_Data_Management/Project/dataimporta/windows/rawdata/SH.csv', '/temporal/brazil/metadata'], returncode=0, stdout=b'', stderr=b'')
 SH.csv removed successfully from local filesystem
04/02/2022, 15:51:00
CompletedProcess(args=['hadoop', 'fs', '-put', 'D:/Master/BDMA/Courses/Semester_2/Big_Data_Management/Project/dataimporta/windows/rawdata/UF.csv', '/temporal/brazil/metadata'], returncode=0, stdout=b'', stderr=b'')
 UF.csv removed successfully from local filesystem
