04/04/2022, 10:47:50
CompletedProcess(args='hadoop fs -put /Users/pietro/Desktop/BDM/Project/Data.nosync/peru/csv/imp/ma14200322.csv /temporal/peru/imp', returncode=0, stdout=b'', stderr=b'2022-04-04 10:47:51,356 WARN util.NativeCodeLoader: Unable to load native-hadoop library for your platform... using builtin-java classes where applicable\n')
 ma14200322.csv removed successfully from local filesystem /n
04/04/2022, 10:47:52
CompletedProcess(args='hadoop fs -put /Users/pietro/Desktop/BDM/Project/Data.nosync/peru/csv/imp/.DS_Store /temporal/peru/imp', returncode=0, stdout=b'', stderr=b'2022-04-04 10:47:52,522 WARN util.NativeCodeLoader: Unable to load native-hadoop library for your platform... using builtin-java classes where applicable\n')
 .DS_Store removed successfully from local filesystem /n
04/04/2022, 10:47:52
CompletedProcess(args='hadoop fs -put /Users/pietro/Desktop/BDM/Project/Data.nosync/peru/csv/imp/ma14200222.csv /temporal/peru/imp', returncode=0, stdout=b'', stderr=b'2022-04-04 10:47:53,369 WARN util.NativeCodeLoader: Unable to load native-hadoop library for your platform... using builtin-java classes where applicable\n')
 ma14200222.csv removed successfully from local filesystem /n
04/04/2022, 10:47:54
CompletedProcess(args='hadoop fs -put /Users/pietro/Desktop/BDM/Project/Data.nosync/peru/csv/imp/ma28060322.csv /temporal/peru/imp', returncode=0, stdout=b'', stderr=b'2022-04-04 10:47:54,715 WARN util.NativeCodeLoader: Unable to load native-hadoop library for your platform... using builtin-java classes where applicable\n')
 ma28060322.csv removed successfully from local filesystem /n
04/04/2022, 10:47:55
CompletedProcess(args='hadoop fs -put /Users/pietro/Desktop/BDM/Project/Data.nosync/peru/csv/imp/ma17230122.csv /temporal/peru/imp', returncode=0, stdout=b'', stderr=b'2022-04-04 10:47:55,670 WARN util.NativeCodeLoader: Unable to load native-hadoop library for your platform... using builtin-java classes where applicable\n')
 ma17230122.csv removed successfully from local filesystem /n
04/04/2022, 10:47:56
CompletedProcess(args='hadoop fs -put /Users/pietro/Desktop/BDM/Project/Data.nosync/peru/csv/imp/ma07130322.csv /temporal/peru/imp', returncode=0, stdout=b'', stderr=b'2022-04-04 10:47:56,662 WARN util.NativeCodeLoader: Unable to load native-hadoop library for your platform... using builtin-java classes where applicable\n')
 ma07130322.csv removed successfully from local filesystem /n
04/04/2022, 10:47:57
CompletedProcess(args='hadoop fs -put /Users/pietro/Desktop/BDM/Project/Data.nosync/peru/csv/imp/ma21270322.csv /temporal/peru/imp', returncode=0, stdout=b'', stderr=b'2022-04-04 10:47:57,714 WARN util.NativeCodeLoader: Unable to load native-hadoop library for your platform... using builtin-java classes where applicable\n')
 ma21270322.csv removed successfully from local filesystem /n
04/04/2022, 10:47:58
CompletedProcess(args='hadoop fs -put /Users/pietro/Desktop/BDM/Project/Data.nosync/peru/csv/imp/ma31060222.csv /temporal/peru/imp', returncode=0, stdout=b'', stderr=b'2022-04-04 10:47:58,661 WARN util.NativeCodeLoader: Unable to load native-hadoop library for your platform... using builtin-java classes where applicable\n')
 ma31060222.csv removed successfully from local filesystem /n
04/04/2022, 10:47:59
CompletedProcess(args='hadoop fs -put /Users/pietro/Desktop/BDM/Project/Data.nosync/peru/csv/imp/ma24300122.csv /temporal/peru/imp', returncode=0, stdout=b'', stderr=b'2022-04-04 10:47:59,527 WARN util.NativeCodeLoader: Unable to load native-hadoop library for your platform... using builtin-java classes where applicable\n')
 ma24300122.csv removed successfully from local filesystem /n
04/04/2022, 10:48:00
CompletedProcess(args='hadoop fs -put /Users/pietro/Desktop/BDM/Project/Data.nosync/peru/csv/imp/ma21270222.csv /temporal/peru/imp', returncode=0, stdout=b'', stderr=b'2022-04-04 10:48:00,393 WARN util.NativeCodeLoader: Unable to load native-hadoop library for your platform... using builtin-java classes where applicable\n')
 ma21270222.csv removed successfully from local filesystem /n
04/04/2022, 10:48:00
CompletedProcess(args='hadoop fs -put /Users/pietro/Desktop/BDM/Project/Data.nosync/peru/csv/imp/ma07130222.csv /temporal/peru/imp', returncode=0, stdout=b'', stderr=b'2022-04-04 10:48:01,229 WARN util.NativeCodeLoader: Unable to load native-hadoop library for your platform... using builtin-java classes where applicable\n')
 ma07130222.csv removed successfully from local filesystem /n
04/04/2022, 10:50:43
CompletedProcess(args='hadoop fs -put /Users/pietro/Desktop/BDM/Project/Data.nosync/brazil/csv/imp/IMP_2022_NCM.csv /temporal/brazil/imp', returncode=0, stdout=b'', stderr=b'2022-04-04 10:50:44,406 WARN util.NativeCodeLoader: Unable to load native-hadoop library for your platform... using builtin-java classes where applicable\n')
 IMP_2022_NCM.csv removed successfully from local filesystem /n
04/04/2022, 10:50:48
CompletedProcess(args='hadoop fs -put /Users/pietro/Desktop/BDM/Project/Data.nosync/brazil/csv/exp/EXP_2022_NCM.csv /temporal/brazil/exp', returncode=0, stdout=b'', stderr=b'2022-04-04 10:50:48,450 WARN util.NativeCodeLoader: Unable to load native-hadoop library for your platform... using builtin-java classes where applicable\n')
 EXP_2022_NCM.csv removed successfully from local filesystem /n
04/04/2022, 10:50:51
CompletedProcess(args='hadoop fs -put /Users/pietro/Desktop/BDM/Project/Data.nosync/brazil/metadata/CUCI.csv /temporal/brazil/metadata', returncode=0, stdout=b'', stderr=b'2022-04-04 10:50:51,572 WARN util.NativeCodeLoader: Unable to load native-hadoop library for your platform... using builtin-java classes where applicable\n')
 CUCI.csv removed successfully from local filesystem /n
04/04/2022, 10:50:52
CompletedProcess(args='hadoop fs -put /Users/pietro/Desktop/BDM/Project/Data.nosync/brazil/metadata/ISIC .csv /temporal/brazil/metadata', returncode=1, stdout=b'', stderr=b"2022-04-04 10:50:52,841 WARN util.NativeCodeLoader: Unable to load native-hadoop library for your platform... using builtin-java classes where applicable\nput: `/Users/pietro/Desktop/BDM/Project/Data.nosync/brazil/metadata/ISIC': No such file or directory\nput: `.csv': No such file or directory\n")
 ISIC .csv removed successfully from local filesystem /n
04/04/2022, 10:50:53
CompletedProcess(args='hadoop fs -put /Users/pietro/Desktop/BDM/Project/Data.nosync/brazil/metadata/TABELAS_AUXILIARES.xlsx /temporal/brazil/metadata', returncode=0, stdout=b'', stderr=b'2022-04-04 10:50:53,536 WARN util.NativeCodeLoader: Unable to load native-hadoop library for your platform... using builtin-java classes where applicable\n')
 TABELAS_AUXILIARES.xlsx removed successfully from local filesystem /n
04/04/2022, 10:50:53
CompletedProcess(args='hadoop fs -put /Users/pietro/Desktop/BDM/Project/Data.nosync/brazil/metadata/NCM_FAT_AGREG.csv /temporal/brazil/metadata', returncode=0, stdout=b'', stderr=b'2022-04-04 10:50:54,375 WARN util.NativeCodeLoader: Unable to load native-hadoop library for your platform... using builtin-java classes where applicable\n')
 NCM_FAT_AGREG.csv removed successfully from local filesystem /n
04/04/2022, 10:50:54
CompletedProcess(args='hadoop fs -put /Users/pietro/Desktop/BDM/Project/Data.nosync/brazil/metadata/SH.csv /temporal/brazil/metadata', returncode=0, stdout=b'', stderr=b'2022-04-04 10:50:55,184 WARN util.NativeCodeLoader: Unable to load native-hadoop library for your platform... using builtin-java classes where applicable\n')
 SH.csv removed successfully from local filesystem /n
04/04/2022, 10:50:55
CompletedProcess(args='hadoop fs -put /Users/pietro/Desktop/BDM/Project/Data.nosync/brazil/metadata/MUN.csv /temporal/brazil/metadata', returncode=0, stdout=b'', stderr=b'2022-04-04 10:50:56,011 WARN util.NativeCodeLoader: Unable to load native-hadoop library for your platform... using builtin-java classes where applicable\n')
 MUN.csv removed successfully from local filesystem /n
04/04/2022, 10:50:56
CompletedProcess(args='hadoop fs -put /Users/pietro/Desktop/BDM/Project/Data.nosync/brazil/metadata/Explanaiton Brasil.txt /temporal/brazil/metadata', returncode=1, stdout=b'', stderr=b"2022-04-04 10:50:56,792 WARN util.NativeCodeLoader: Unable to load native-hadoop library for your platform... using builtin-java classes where applicable\nput: `/Users/pietro/Desktop/BDM/Project/Data.nosync/brazil/metadata/Explanaiton': No such file or directory\nput: `Brasil.txt': No such file or directory\n")
 Explanaiton Brasil.txt removed successfully from local filesystem /n
04/04/2022, 10:50:57
CompletedProcess(args='hadoop fs -put /Users/pietro/Desktop/BDM/Project/Data.nosync/brazil/metadata/NCM_PPE.csv /temporal/brazil/metadata', returncode=0, stdout=b'', stderr=b'2022-04-04 10:50:57,492 WARN util.NativeCodeLoader: Unable to load native-hadoop library for your platform... using builtin-java classes where applicable\n')
 NCM_PPE.csv removed successfully from local filesystem /n
04/04/2022, 10:50:58
CompletedProcess(args='hadoop fs -put /Users/pietro/Desktop/BDM/Project/Data.nosync/brazil/metadata/NCM.csv /temporal/brazil/metadata', returncode=0, stdout=b'', stderr=b'2022-04-04 10:50:58,692 WARN util.NativeCodeLoader: Unable to load native-hadoop library for your platform... using builtin-java classes where applicable\n')
 NCM.csv removed successfully from local filesystem /n
04/04/2022, 10:50:59
CompletedProcess(args='hadoop fs -put /Users/pietro/Desktop/BDM/Project/Data.nosync/brazil/metadata/PAIS.csv /temporal/brazil/metadata', returncode=0, stdout=b'', stderr=b'2022-04-04 10:50:59,970 WARN util.NativeCodeLoader: Unable to load native-hadoop library for your platform... using builtin-java classes where applicable\n')
 PAIS.csv removed successfully from local filesystem /n
04/04/2022, 10:51:00
CompletedProcess(args='hadoop fs -put /Users/pietro/Desktop/BDM/Project/Data.nosync/brazil/metadata/UF.csv /temporal/brazil/metadata', returncode=0, stdout=b'', stderr=b'2022-04-04 10:51:00,778 WARN util.NativeCodeLoader: Unable to load native-hadoop library for your platform... using builtin-java classes where applicable\n')
 UF.csv removed successfully from local filesystem /n
04/04/2022, 10:51:06
CompletedProcess(args='hadoop fs -put /Users/pietro/Desktop/BDM/Project/Data.nosync/peru/csv/exp/x21270222.csv /temporal/peru/exp', returncode=0, stdout=b'', stderr=b'2022-04-04 10:51:06,927 WARN util.NativeCodeLoader: Unable to load native-hadoop library for your platform... using builtin-java classes where applicable\n')
 x21270222.csv removed successfully from local filesystem /n
04/04/2022, 10:51:07
CompletedProcess(args='hadoop fs -put /Users/pietro/Desktop/BDM/Project/Data.nosync/peru/csv/exp/x07130222.csv /temporal/peru/exp', returncode=0, stdout=b'', stderr=b'2022-04-04 10:51:07,860 WARN util.NativeCodeLoader: Unable to load native-hadoop library for your platform... using builtin-java classes where applicable\n')
 x07130222.csv removed successfully from local filesystem /n
04/04/2022, 10:51:08
CompletedProcess(args='hadoop fs -put /Users/pietro/Desktop/BDM/Project/Data.nosync/peru/csv/exp/x31060222.csv /temporal/peru/exp', returncode=0, stdout=b'', stderr=b'2022-04-04 10:51:09,091 WARN util.NativeCodeLoader: Unable to load native-hadoop library for your platform... using builtin-java classes where applicable\n')
 x31060222.csv removed successfully from local filesystem /n
04/04/2022, 10:51:09
CompletedProcess(args='hadoop fs -put /Users/pietro/Desktop/BDM/Project/Data.nosync/peru/csv/exp/x24300122.csv /temporal/peru/exp', returncode=0, stdout=b'', stderr=b'2022-04-04 10:51:09,884 WARN util.NativeCodeLoader: Unable to load native-hadoop library for your platform... using builtin-java classes where applicable\n')
 x24300122.csv removed successfully from local filesystem /n
04/04/2022, 10:51:10
CompletedProcess(args='hadoop fs -put /Users/pietro/Desktop/BDM/Project/Data.nosync/peru/csv/exp/x17230122.csv /temporal/peru/exp', returncode=0, stdout=b'', stderr=b'2022-04-04 10:51:10,689 WARN util.NativeCodeLoader: Unable to load native-hadoop library for your platform... using builtin-java classes where applicable\n')
 x17230122.csv removed successfully from local filesystem /n
04/04/2022, 10:51:11
CompletedProcess(args='hadoop fs -put /Users/pietro/Desktop/BDM/Project/Data.nosync/peru/csv/exp/x28060322.csv /temporal/peru/exp', returncode=0, stdout=b'', stderr=b'2022-04-04 10:51:11,490 WARN util.NativeCodeLoader: Unable to load native-hadoop library for your platform... using builtin-java classes where applicable\n')
 x28060322.csv removed successfully from local filesystem /n
04/04/2022, 10:51:11
CompletedProcess(args='hadoop fs -put /Users/pietro/Desktop/BDM/Project/Data.nosync/peru/csv/exp/x14200222.csv /temporal/peru/exp', returncode=0, stdout=b'', stderr=b'2022-04-04 10:51:12,291 WARN util.NativeCodeLoader: Unable to load native-hadoop library for your platform... using builtin-java classes where applicable\n')
 x14200222.csv removed successfully from local filesystem /n
04/04/2022, 10:51:18
CompletedProcess(args='hadoop fs -put /Users/pietro/Desktop/BDM/Project/Data.nosync/peru/metadata/Puertos.txt /temporal/peru/metadata', returncode=0, stdout=b'', stderr=b'2022-04-04 10:51:18,853 WARN util.NativeCodeLoader: Unable to load native-hadoop library for your platform... using builtin-java classes where applicable\n')
 Puertos.txt removed successfully from local filesystem /n
04/04/2022, 10:51:19
CompletedProcess(args='hadoop fs -put /Users/pietro/Desktop/BDM/Project/Data.nosync/peru/metadata/RegOpeAduaneras.txt /temporal/peru/metadata', returncode=0, stdout=b'', stderr=b'2022-04-04 10:51:19,723 WARN util.NativeCodeLoader: Unable to load native-hadoop library for your platform... using builtin-java classes where applicable\n')
 RegOpeAduaneras.txt removed successfully from local filesystem /n
04/04/2022, 10:51:20
CompletedProcess(args='hadoop fs -put /Users/pietro/Desktop/BDM/Project/Data.nosync/peru/metadata/Documento.txt /temporal/peru/metadata', returncode=0, stdout=b'', stderr=b'2022-04-04 10:51:20,508 WARN util.NativeCodeLoader: Unable to load native-hadoop library for your platform... using builtin-java classes where applicable\n')
 Documento.txt removed successfully from local filesystem /n
04/04/2022, 10:51:20
CompletedProcess(args='hadoop fs -put /Users/pietro/Desktop/BDM/Project/Data.nosync/peru/metadata/Sanciones.txt /temporal/peru/metadata', returncode=0, stdout=b'', stderr=b'2022-04-04 10:51:21,256 WARN util.NativeCodeLoader: Unable to load native-hadoop library for your platform... using builtin-java classes where applicable\n')
 Sanciones.txt removed successfully from local filesystem /n
04/04/2022, 10:51:21
CompletedProcess(args='hadoop fs -put /Users/pietro/Desktop/BDM/Project/Data.nosync/peru/metadata/AgenNav.txt /temporal/peru/metadata', returncode=0, stdout=b'', stderr=b'2022-04-04 10:51:22,004 WARN util.NativeCodeLoader: Unable to load native-hadoop library for your platform... using builtin-java classes where applicable\n')
 AgenNav.txt removed successfully from local filesystem /n
04/04/2022, 10:51:22
CompletedProcess(args='hadoop fs -put /Users/pietro/Desktop/BDM/Project/Data.nosync/peru/metadata/EmpNacional.txt /temporal/peru/metadata', returncode=0, stdout=b'', stderr=b'2022-04-04 10:51:22,789 WARN util.NativeCodeLoader: Unable to load native-hadoop library for your platform... using builtin-java classes where applicable\n')
 EmpNacional.txt removed successfully from local filesystem /n
04/04/2022, 10:51:23
CompletedProcess(args='hadoop fs -put /Users/pietro/Desktop/BDM/Project/Data.nosync/peru/metadata/MerExpTemp.txt /temporal/peru/metadata', returncode=0, stdout=b'', stderr=b'2022-04-04 10:51:23,545 WARN util.NativeCodeLoader: Unable to load native-hadoop library for your platform... using builtin-java classes where applicable\n')
 MerExpTemp.txt removed successfully from local filesystem /n
04/04/2022, 10:51:23
CompletedProcess(args='hadoop fs -put /Users/pietro/Desktop/BDM/Project/Data.nosync/peru/metadata/Agente.txt /temporal/peru/metadata', returncode=0, stdout=b'', stderr=b'2022-04-04 10:51:24,344 WARN util.NativeCodeLoader: Unable to load native-hadoop library for your platform... using builtin-java classes where applicable\n')
 Agente.txt removed successfully from local filesystem /n
04/04/2022, 10:51:24
CompletedProcess(args='hadoop fs -put /Users/pietro/Desktop/BDM/Project/Data.nosync/peru/metadata/AgenMar.txt /temporal/peru/metadata', returncode=0, stdout=b'', stderr=b'2022-04-04 10:51:25,151 WARN util.NativeCodeLoader: Unable to load native-hadoop library for your platform... using builtin-java classes where applicable\n')
 AgenMar.txt removed successfully from local filesystem /n
04/04/2022, 10:51:25
CompletedProcess(args='hadoop fs -put /Users/pietro/Desktop/BDM/Project/Data.nosync/peru/metadata/Tablibe.txt /temporal/peru/metadata', returncode=0, stdout=b'', stderr=b'2022-04-04 10:51:25,948 WARN util.NativeCodeLoader: Unable to load native-hadoop library for your platform... using builtin-java classes where applicable\n')
 Tablibe.txt removed successfully from local filesystem /n
04/04/2022, 10:51:26
CompletedProcess(args='hadoop fs -put /Users/pietro/Desktop/BDM/Project/Data.nosync/peru/metadata/EstMercancia.txt /temporal/peru/metadata', returncode=0, stdout=b'', stderr=b'2022-04-04 10:51:26,780 WARN util.NativeCodeLoader: Unable to load native-hadoop library for your platform... using builtin-java classes where applicable\n')
 EstMercancia.txt removed successfully from local filesystem /n
04/04/2022, 10:51:27
CompletedProcess(args='hadoop fs -put /Users/pietro/Desktop/BDM/Project/Data.nosync/peru/metadata/UnidComerExp.txt /temporal/peru/metadata', returncode=0, stdout=b'', stderr=b'2022-04-04 10:51:27,585 WARN util.NativeCodeLoader: Unable to load native-hadoop library for your platform... using builtin-java classes where applicable\n')
 UnidComerExp.txt removed successfully from local filesystem /n
04/04/2022, 10:51:27
CompletedProcess(args='hadoop fs -put /Users/pietro/Desktop/BDM/Project/Data.nosync/peru/metadata/RecintAduaner.txt /temporal/peru/metadata', returncode=0, stdout=b'', stderr=b'2022-04-04 10:51:28,382 WARN util.NativeCodeLoader: Unable to load native-hadoop library for your platform... using builtin-java classes where applicable\n')
 RecintAduaner.txt removed successfully from local filesystem /n
04/04/2022, 10:51:28
CompletedProcess(args='hadoop fs -put /Users/pietro/Desktop/BDM/Project/Data.nosync/peru/metadata/UnidMercancia.txt /temporal/peru/metadata', returncode=0, stdout=b'', stderr=b'2022-04-04 10:51:29,173 WARN util.NativeCodeLoader: Unable to load native-hadoop library for your platform... using builtin-java classes where applicable\n')
 UnidMercancia.txt removed successfully from local filesystem /n
04/04/2022, 10:51:29
CompletedProcess(args='hadoop fs -put /Users/pietro/Desktop/BDM/Project/Data.nosync/peru/metadata/EntAutMerRest.txt /temporal/peru/metadata', returncode=0, stdout=b'', stderr=b'2022-04-04 10:51:29,958 WARN util.NativeCodeLoader: Unable to load native-hadoop library for your platform... using builtin-java classes where applicable\n')
 EntAutMerRest.txt removed successfully from local filesystem /n
04/04/2022, 10:51:30
CompletedProcess(args='hadoop fs -put /Users/pietro/Desktop/BDM/Project/Data.nosync/peru/metadata/Bancos.txt /temporal/peru/metadata', returncode=0, stdout=b'', stderr=b'2022-04-04 10:51:31,171 WARN util.NativeCodeLoader: Unable to load native-hadoop library for your platform... using builtin-java classes where applicable\n')
 Bancos.txt removed successfully from local filesystem /n
04/04/2022, 10:51:31
CompletedProcess(args='hadoop fs -put /Users/pietro/Desktop/BDM/Project/Data.nosync/peru/metadata/Monedas.txt /temporal/peru/metadata', returncode=0, stdout=b'', stderr=b'2022-04-04 10:51:31,968 WARN util.NativeCodeLoader: Unable to load native-hadoop library for your platform... using builtin-java classes where applicable\n')
 Monedas.txt removed successfully from local filesystem /n
04/04/2022, 10:51:32
CompletedProcess(args='hadoop fs -put /Users/pietro/Desktop/BDM/Project/Data.nosync/peru/metadata/AgenCar.txt /temporal/peru/metadata', returncode=0, stdout=b'', stderr=b'2022-04-04 10:51:32,739 WARN util.NativeCodeLoader: Unable to load native-hadoop library for your platform... using builtin-java classes where applicable\n')
 AgenCar.txt removed successfully from local filesystem /n
04/04/2022, 10:51:33
CompletedProcess(args='hadoop fs -put /Users/pietro/Desktop/BDM/Project/Data.nosync/peru/metadata/UnidMedida.txt /temporal/peru/metadata', returncode=0, stdout=b'', stderr=b'2022-04-04 10:51:33,544 WARN util.NativeCodeLoader: Unable to load native-hadoop library for your platform... using builtin-java classes where applicable\n')
 UnidMedida.txt removed successfully from local filesystem /n
04/04/2022, 10:51:34
CompletedProcess(args='hadoop fs -put /Users/pietro/Desktop/BDM/Project/Data.nosync/peru/metadata/TipDocumAutMerRest.txt /temporal/peru/metadata', returncode=0, stdout=b'', stderr=b'2022-04-04 10:51:34,778 WARN util.NativeCodeLoader: Unable to load native-hadoop library for your platform... using builtin-java classes where applicable\n')
 TipDocumAutMerRest.txt removed successfully from local filesystem /n
04/04/2022, 10:51:35
CompletedProcess(args='hadoop fs -put /Users/pietro/Desktop/BDM/Project/Data.nosync/peru/metadata/AgenEmb.txt /temporal/peru/metadata', returncode=0, stdout=b'', stderr=b'2022-04-04 10:51:35,561 WARN util.NativeCodeLoader: Unable to load native-hadoop library for your platform... using builtin-java classes where applicable\n')
 AgenEmb.txt removed successfully from local filesystem /n
04/04/2022, 10:51:35
CompletedProcess(args='hadoop fs -put /Users/pietro/Desktop/BDM/Project/Data.nosync/peru/metadata/EmpInternac.txt /temporal/peru/metadata', returncode=0, stdout=b'', stderr=b'2022-04-04 10:51:36,379 WARN util.NativeCodeLoader: Unable to load native-hadoop library for your platform... using builtin-java classes where applicable\n')
 EmpInternac.txt removed successfully from local filesystem /n
04/04/2022, 10:51:36
CompletedProcess(args='hadoop fs -put /Users/pietro/Desktop/BDM/Project/Data.nosync/peru/metadata/LinAereasManif.txt /temporal/peru/metadata', returncode=0, stdout=b'', stderr=b'2022-04-04 10:51:37,212 WARN util.NativeCodeLoader: Unable to load native-hadoop library for your platform... using builtin-java classes where applicable\n')
 LinAereasManif.txt removed successfully from local filesystem /n
04/04/2022, 10:51:37
CompletedProcess(args='hadoop fs -put /Users/pietro/Desktop/BDM/Project/Data.nosync/peru/metadata/CodProvS.txt /temporal/peru/metadata', returncode=0, stdout=b'', stderr=b'2022-04-04 10:51:37,996 WARN util.NativeCodeLoader: Unable to load native-hadoop library for your platform... using builtin-java classes where applicable\n')
 CodProvS.txt removed successfully from local filesystem /n
04/04/2022, 10:51:38
CompletedProcess(args='hadoop fs -put /Users/pietro/Desktop/BDM/Project/Data.nosync/peru/metadata/MedTransporte.txt /temporal/peru/metadata', returncode=0, stdout=b'', stderr=b'2022-04-04 10:51:38,786 WARN util.NativeCodeLoader: Unable to load native-hadoop library for your platform... using builtin-java classes where applicable\n')
 MedTransporte.txt removed successfully from local filesystem /n
04/04/2022, 10:51:39
CompletedProcess(args='hadoop fs -put /Users/pietro/Desktop/BDM/Project/Data.nosync/peru/metadata/Paises.txt /temporal/peru/metadata', returncode=0, stdout=b'', stderr=b'2022-04-04 10:51:39,564 WARN util.NativeCodeLoader: Unable to load native-hadoop library for your platform... using builtin-java classes where applicable\n')
 Paises.txt removed successfully from local filesystem /n
04/04/2022, 10:51:39
CompletedProcess(args='hadoop fs -put /Users/pietro/Desktop/BDM/Project/Data.nosync/peru/metadata/codprov.txt /temporal/peru/metadata', returncode=0, stdout=b'', stderr=b'2022-04-04 10:51:40,328 WARN util.NativeCodeLoader: Unable to load native-hadoop library for your platform... using builtin-java classes where applicable\n')
 codprov.txt removed successfully from local filesystem /n
04/04/2022, 10:51:40
CompletedProcess(args='hadoop fs -put /Users/pietro/Desktop/BDM/Project/Data.nosync/peru/metadata/MotValorAjust.txt /temporal/peru/metadata', returncode=0, stdout=b'', stderr=b'2022-04-04 10:51:41,096 WARN util.NativeCodeLoader: Unable to load native-hadoop library for your platform... using builtin-java classes where applicable\n')
 MotValorAjust.txt removed successfully from local filesystem /n
04/04/2022, 10:51:41
CompletedProcess(args='hadoop fs -put /Users/pietro/Desktop/BDM/Project/Data.nosync/peru/metadata/TipUltract.txt /temporal/peru/metadata', returncode=0, stdout=b'', stderr=b'2022-04-04 10:51:41,859 WARN util.NativeCodeLoader: Unable to load native-hadoop library for your platform... using builtin-java classes where applicable\n')
 TipUltract.txt removed successfully from local filesystem /n
04/04/2022, 10:51:42
CompletedProcess(args='hadoop fs -put /Users/pietro/Desktop/BDM/Project/Data.nosync/peru/metadata/Aduanas.txt /temporal/peru/metadata', returncode=0, stdout=b'', stderr=b'2022-04-04 10:51:43,051 WARN util.NativeCodeLoader: Unable to load native-hadoop library for your platform... using builtin-java classes where applicable\n')
 Aduanas.txt removed successfully from local filesystem /n
04/04/2022, 10:51:43
CompletedProcess(args='hadoop fs -put /Users/pietro/Desktop/BDM/Project/Data.nosync/peru/metadata/Aerolineas.txt /temporal/peru/metadata', returncode=0, stdout=b'', stderr=b'2022-04-04 10:51:43,869 WARN util.NativeCodeLoader: Unable to load native-hadoop library for your platform... using builtin-java classes where applicable\n')
 Aerolineas.txt removed successfully from local filesystem /n
04/04/2022, 10:51:44
CompletedProcess(args='hadoop fs -put /Users/pietro/Desktop/BDM/Project/Data.nosync/peru/metadata/Tributos.txt /temporal/peru/metadata', returncode=0, stdout=b'', stderr=b'2022-04-04 10:51:44,643 WARN util.NativeCodeLoader: Unable to load native-hadoop library for your platform... using builtin-java classes where applicable\n')
 Tributos.txt removed successfully from local filesystem /n
04/04/2022, 10:51:45
CompletedProcess(args='hadoop fs -put /Users/pietro/Desktop/BDM/Project/Data.nosync/peru/metadata/TipTratamiento.txt /temporal/peru/metadata', returncode=0, stdout=b'', stderr=b'2022-04-04 10:51:45,407 WARN util.NativeCodeLoader: Unable to load native-hadoop library for your platform... using builtin-java classes where applicable\n')
 TipTratamiento.txt removed successfully from local filesystem /n
04/04/2022, 10:51:48
CompletedProcess(args='hadoop fs -put /Users/pietro/Desktop/BDM/Project/Data.nosync/chile/txt/imp/Importaciones_Enero_2022.txt /temporal/chile/imp', returncode=0, stdout=b'', stderr=b'2022-04-04 10:51:48,730 WARN util.NativeCodeLoader: Unable to load native-hadoop library for your platform... using builtin-java classes where applicable\n')
 Importaciones_Enero_2022.txt removed successfully from local filesystem /n
04/04/2022, 10:51:52
CompletedProcess(args='hadoop fs -put /Users/pietro/Desktop/BDM/Project/Data.nosync/chile/txt/exp/.DS_Store /temporal/chile/exp', returncode=0, stdout=b'', stderr=b'2022-04-04 10:51:52,862 WARN util.NativeCodeLoader: Unable to load native-hadoop library for your platform... using builtin-java classes where applicable\n')
 .DS_Store removed successfully from local filesystem /n
04/04/2022, 10:51:53
CompletedProcess(args='hadoop fs -put /Users/pietro/Desktop/BDM/Project/Data.nosync/chile/txt/exp/Exportaciones_Enero_2022.txt /temporal/chile/exp', returncode=0, stdout=b'', stderr=b'2022-04-04 10:51:53,757 WARN util.NativeCodeLoader: Unable to load native-hadoop library for your platform... using builtin-java classes where applicable\n')
 Exportaciones_Enero_2022.txt removed successfully from local filesystem /n
04/04/2022, 10:52:00
CompletedProcess(args='hadoop fs -put /Users/pietro/Desktop/BDM/Project/Data.nosync/chile/metadata/imp/IMPORT_descripcion-y-estructura-de-datos-din.xlsx /temporal/chile/metadata/imp', returncode=0, stdout=b'', stderr=b'2022-04-04 10:52:00,912 WARN util.NativeCodeLoader: Unable to load native-hadoop library for your platform... using builtin-java classes where applicable\n')
 IMPORT_descripcion-y-estructura-de-datos-din.xlsx removed successfully from local filesystem /n
04/04/2022, 10:52:01
CompletedProcess(args='hadoop fs -put /Users/pietro/Desktop/BDM/Project/Data.nosync/chile/metadata/exp/EXPORT_descripcion-y-estructura-de-datos-dus.xlsx /temporal/chile/metadata/exp', returncode=0, stdout=b'', stderr=b'2022-04-04 10:52:01,762 WARN util.NativeCodeLoader: Unable to load native-hadoop library for your platform... using builtin-java classes where applicable\n')
 EXPORT_descripcion-y-estructura-de-datos-dus.xlsx removed successfully from local filesystem /n
04/04/2022, 20:21:55
# of files to upload: 53
04/04/2022, 20:24:24
Working on: peru | imports | x14200222.csv...
04/04/2022, 20:24:37
First version created: version0.avro file was created in /persistent/peru/imp/2022/
04/04/2022, 20:24:37
Working on: peru | imports | x17230122.csv...
04/04/2022, 20:30:17
# of files to upload: 53
04/04/2022, 20:31:07
Working on: peru | imports | x14200222.csv...
04/04/2022, 20:31:18
# of files to upload: 53
04/04/2022, 20:32:08
Working on: peru | imports | x14200222.csv...
04/04/2022, 20:32:48
# of files to upload: 53
04/04/2022, 20:33:37
Working on: peru | imports | x14200222.csv...
04/04/2022, 20:34:23
Working on: peru | imports | x14200222.csv...
04/04/2022, 20:37:29
# of files to upload: 53
04/04/2022, 20:38:19
Working on: peru | imports | x14200222.csv...
04/04/2022, 20:40:16
Working on: peru | imports | x14200222.csv...
04/04/2022, 20:40:51
Working on: peru | imports | x14200222.csv...
04/04/2022, 20:43:05
Working on: peru | imports | x14200222.csv...
04/04/2022, 20:45:49
# of files to upload: 53
04/04/2022, 20:46:42
Working on: peru | imports | x14200222.csv...
04/04/2022, 20:46:56
First version created: version0.avro file was created in /persistent/peru/imp/2022/
04/04/2022, 20:46:56
Working on: peru | imports | x17230122.csv...
04/04/2022, 20:47:23
Update performed: version1.avro file was created in /persistent/peru/imp/2022/
04/04/2022, 20:47:23
Working on: peru | imports | x21270222.csv...
04/04/2022, 20:48:02
Update performed: version2.avro file was created in /persistent/peru/imp/2022/
04/04/2022, 20:48:02
Working on: peru | imports | x24300122.csv...
04/04/2022, 20:48:49
Update performed: version3.avro file was created in /persistent/peru/imp/2022/
04/04/2022, 20:48:49
Working on: peru | imports | x28060322.csv...
04/04/2022, 20:49:47
Update performed: version4.avro file was created in /persistent/peru/imp/2022/
04/04/2022, 20:49:47
Working on: peru | imports | x31060222.csv...
04/04/2022, 20:50:55
Update performed: version5.avro file was created in /persistent/peru/imp/2022/
04/04/2022, 20:50:57
A directory named 20505504042022 has been created in /persistent/peru/metadata/2022/
04/04/2022, 20:50:57
Working on: peru | metadata | Aduanas.txt...
04/04/2022, 20:51:01
File Aduanas.avro was created in /persistent/peru/metadata/2022/20505504042022
04/04/2022, 20:51:01
Working on: peru | metadata | Aerolineas.txt...
04/04/2022, 20:51:05
File Aerolineas.avro was created in /persistent/peru/metadata/2022/20505504042022
04/04/2022, 20:51:05
Working on: peru | metadata | AgenCar.txt...
04/04/2022, 20:51:09
File AgenCar.avro was created in /persistent/peru/metadata/2022/20505504042022
04/04/2022, 20:51:09
Working on: peru | metadata | AgenEmb.txt...
04/04/2022, 20:51:13
File AgenEmb.avro was created in /persistent/peru/metadata/2022/20505504042022
04/04/2022, 20:51:13
Working on: peru | metadata | AgenMar.txt...
04/04/2022, 20:51:17
File AgenMar.avro was created in /persistent/peru/metadata/2022/20505504042022
04/04/2022, 20:51:17
Working on: peru | metadata | AgenNav.txt...
04/04/2022, 20:51:21
File AgenNav.avro was created in /persistent/peru/metadata/2022/20505504042022
04/04/2022, 20:51:21
Working on: peru | metadata | Agente.txt...
04/04/2022, 20:51:25
File Agente.avro was created in /persistent/peru/metadata/2022/20505504042022
04/04/2022, 20:51:25
Working on: peru | metadata | Bancos.txt...
04/04/2022, 20:51:29
File Bancos.avro was created in /persistent/peru/metadata/2022/20505504042022
04/04/2022, 20:51:29
Working on: peru | metadata | CodProvS.txt...
04/04/2022, 20:51:33
File CodProvS.avro was created in /persistent/peru/metadata/2022/20505504042022
04/04/2022, 20:51:33
Working on: peru | metadata | Documento.txt...
04/04/2022, 20:51:37
File Documento.avro was created in /persistent/peru/metadata/2022/20505504042022
04/04/2022, 20:51:37
Working on: peru | metadata | EmpInternac.txt...
04/04/2022, 20:51:41
File EmpInternac.avro was created in /persistent/peru/metadata/2022/20505504042022
04/04/2022, 20:51:41
Working on: peru | metadata | EmpNacional.txt...
04/04/2022, 20:51:45
File EmpNacional.avro was created in /persistent/peru/metadata/2022/20505504042022
04/04/2022, 20:51:45
Working on: peru | metadata | EntAutMerRest.txt...
04/04/2022, 20:51:49
File EntAutMerRest.avro was created in /persistent/peru/metadata/2022/20505504042022
04/04/2022, 20:51:49
Working on: peru | metadata | EstMercancia.txt...
04/04/2022, 20:51:53
File EstMercancia.avro was created in /persistent/peru/metadata/2022/20505504042022
04/04/2022, 20:51:53
Working on: peru | metadata | LinAereasManif.txt...
04/04/2022, 20:51:57
File LinAereasManif.avro was created in /persistent/peru/metadata/2022/20505504042022
04/04/2022, 20:51:57
Working on: peru | metadata | MedTransporte.txt...
04/04/2022, 20:52:02
File MedTransporte.avro was created in /persistent/peru/metadata/2022/20505504042022
04/04/2022, 20:52:02
Working on: peru | metadata | MerExpTemp.txt...
04/04/2022, 20:52:05
File MerExpTemp.avro was created in /persistent/peru/metadata/2022/20505504042022
04/04/2022, 20:52:05
Working on: peru | metadata | Monedas.txt...
04/04/2022, 20:52:10
File Monedas.avro was created in /persistent/peru/metadata/2022/20505504042022
04/04/2022, 20:52:10
Working on: peru | metadata | MotValorAjust.txt...
04/04/2022, 20:52:14
File MotValorAjust.avro was created in /persistent/peru/metadata/2022/20505504042022
04/04/2022, 20:52:14
Working on: peru | metadata | Paises.txt...
04/04/2022, 20:52:18
File Paises.avro was created in /persistent/peru/metadata/2022/20505504042022
04/04/2022, 20:52:18
Working on: peru | metadata | Puertos.txt...
04/04/2022, 20:52:24
File Puertos.avro was created in /persistent/peru/metadata/2022/20505504042022
04/04/2022, 20:52:24
Working on: peru | metadata | RecintAduaner.txt...
04/04/2022, 20:52:28
File RecintAduaner.avro was created in /persistent/peru/metadata/2022/20505504042022
04/04/2022, 20:52:28
Working on: peru | metadata | RegOpeAduaneras.txt...
04/04/2022, 20:52:32
File RegOpeAduaneras.avro was created in /persistent/peru/metadata/2022/20505504042022
04/04/2022, 20:52:32
Working on: peru | metadata | Sanciones.txt...
04/04/2022, 20:52:36
File Sanciones.avro was created in /persistent/peru/metadata/2022/20505504042022
04/04/2022, 20:52:36
Working on: peru | metadata | Tablibe.txt...
04/04/2022, 20:52:40
File Tablibe.avro was created in /persistent/peru/metadata/2022/20505504042022
04/04/2022, 20:52:40
Working on: peru | metadata | TipDocumAutMerRest.txt...
04/04/2022, 20:52:43
File TipDocumAutMerRest.avro was created in /persistent/peru/metadata/2022/20505504042022
04/04/2022, 20:52:43
Working on: peru | metadata | TipTratamiento.txt...
04/04/2022, 20:52:47
File TipTratamiento.avro was created in /persistent/peru/metadata/2022/20505504042022
04/04/2022, 20:52:47
Working on: peru | metadata | TipUltract.txt...
04/04/2022, 20:52:51
File TipUltract.avro was created in /persistent/peru/metadata/2022/20505504042022
04/04/2022, 20:52:51
Working on: peru | metadata | Tributos.txt...
04/04/2022, 20:52:56
File Tributos.avro was created in /persistent/peru/metadata/2022/20505504042022
04/04/2022, 20:52:56
Working on: peru | metadata | UnidComerExp.txt...
04/04/2022, 20:53:00
File UnidComerExp.avro was created in /persistent/peru/metadata/2022/20505504042022
04/04/2022, 20:53:00
Working on: peru | metadata | UnidMedida.txt...
04/04/2022, 20:53:04
File UnidMedida.avro was created in /persistent/peru/metadata/2022/20505504042022
04/04/2022, 20:53:04
Working on: peru | metadata | UnidMercancia.txt...
04/04/2022, 20:53:08
File UnidMercancia.avro was created in /persistent/peru/metadata/2022/20505504042022
04/04/2022, 20:53:08
Working on: peru | metadata | codprov.txt...
04/04/2022, 20:53:13
File codprov.avro was created in /persistent/peru/metadata/2022/20505504042022
04/04/2022, 20:53:50
Working on: chile | imports | Importaciones Enero 2022.txt...
04/04/2022, 20:59:43
First version created: version0.avro file was created in /persistent/chile/imp/2022/
04/04/2022, 20:59:46
Directory named 20594304042022 created in /persistent/chile/metadata/imp/2022/
04/04/2022, 20:59:46
Working on: chile | metadata | imports | EXPheaders.csv...
04/04/2022, 20:59:48
File EXPheaders.csv uploaded into /persistent/chile/metadata/imp/2022/
04/04/2022, 20:59:48
Working on: chile | metadata | imports | descripcion-y-estructura-de-datos-dus.xlsx...
04/04/2022, 20:59:50
File descripcion-y-estructura-de-datos-dus.xlsx uploaded into /persistent/chile/metadata/imp/2022/
04/04/2022, 20:59:51
Directory named 20594304042022 created in /persistent/chile/metadata/exp/2022/
04/04/2022, 20:59:51
Working on: chile | metadata | exports | descripcion-y-estructura-de-datos-din.xlsx...
04/04/2022, 20:59:54
File descripcion-y-estructura-de-datos-din.xlsx uploaded into /persistent/chile/metadata/exp/2022/
04/04/2022, 21:00:55
Working on: brazil | exports | EXP_2022_NCM.csv...
04/04/2022, 21:01:04
First version created: version0.avro file was created in /persistent/brazil/exp/2022/
04/04/2022, 21:01:06
A directory named 21010404042022 has been created in /persistent/brazil/metadata/2022/
04/04/2022, 21:01:06
Working on: brazil | metadata | CUCI.csv...
04/04/2022, 21:01:10
File CUCI.avro was created in /persistent/brazil/metadata/2022/21010404042022
04/04/2022, 21:01:10
Working on: brazil | metadata | ISIC .csv...
04/04/2022, 21:01:14
File ISIC.avro was created in /persistent/brazil/metadata/2022/21010404042022
04/04/2022, 21:01:14
Working on: brazil | metadata | MUN.csv...
04/04/2022, 21:01:19
File MUN.avro was created in /persistent/brazil/metadata/2022/21010404042022
04/04/2022, 21:01:19
Working on: brazil | metadata | NCM.csv...
04/04/2022, 21:01:24
File NCM.avro was created in /persistent/brazil/metadata/2022/21010404042022
04/04/2022, 21:01:24
Working on: brazil | metadata | NCM_FAT_AGREG.csv...
04/04/2022, 21:01:28
File NCM_FAT_AGREG.avro was created in /persistent/brazil/metadata/2022/21010404042022
04/04/2022, 21:01:28
Working on: brazil | metadata | NCM_PPE.csv...
04/04/2022, 21:01:32
File NCM_PPE.avro was created in /persistent/brazil/metadata/2022/21010404042022
04/04/2022, 21:01:32
Working on: brazil | metadata | PAIS.csv...
04/04/2022, 21:01:36
File PAIS.avro was created in /persistent/brazil/metadata/2022/21010404042022
04/04/2022, 21:01:36
Working on: brazil | metadata | SH.csv...
04/04/2022, 21:01:41
File SH.avro was created in /persistent/brazil/metadata/2022/21010404042022
04/04/2022, 21:01:41
Working on: brazil | metadata | UF.csv...
04/04/2022, 21:01:45
File UF.avro was created in /persistent/brazil/metadata/2022/21010404042022
04/04/2022, 21:03:41
Working on: brazil | exports | EXP_2022_NCM.csv...
04/04/2022, 21:04:00
Update performed: version1.avro file was created in /persistent/brazil/exp/2022/
04/04/2022, 21:04:02
A directory named 21040004042022 has been created in /persistent/brazil/metadata/2022/
04/04/2022, 21:04:02
Working on: brazil | metadata | CUCI.csv...
04/04/2022, 21:04:06
File CUCI.avro was created in /persistent/brazil/metadata/2022/21040004042022
04/04/2022, 21:04:06
Working on: brazil | metadata | ISIC .csv...
04/04/2022, 21:04:10
File ISIC.avro was created in /persistent/brazil/metadata/2022/21040004042022
04/04/2022, 21:04:10
Working on: brazil | metadata | MUN.csv...
04/04/2022, 21:04:14
File MUN.avro was created in /persistent/brazil/metadata/2022/21040004042022
04/04/2022, 21:04:14
Working on: brazil | metadata | NCM.csv...
04/04/2022, 21:04:19
File NCM.avro was created in /persistent/brazil/metadata/2022/21040004042022
04/04/2022, 21:04:19
Working on: brazil | metadata | NCM_FAT_AGREG.csv...
04/04/2022, 21:04:23
File NCM_FAT_AGREG.avro was created in /persistent/brazil/metadata/2022/21040004042022
04/04/2022, 21:04:23
Working on: brazil | metadata | NCM_PPE.csv...
04/04/2022, 21:04:27
File NCM_PPE.avro was created in /persistent/brazil/metadata/2022/21040004042022
04/04/2022, 21:04:27
Working on: brazil | metadata | PAIS.csv...
04/04/2022, 21:04:31
File PAIS.avro was created in /persistent/brazil/metadata/2022/21040004042022
04/04/2022, 21:04:31
Working on: brazil | metadata | SH.csv...
04/04/2022, 21:04:36
File SH.avro was created in /persistent/brazil/metadata/2022/21040004042022
04/04/2022, 21:04:36
Working on: brazil | metadata | UF.csv...
04/04/2022, 21:04:39
File UF.avro was created in /persistent/brazil/metadata/2022/21040004042022
04/04/2022, 21:05:09
Working on: brazil | exports | EXP_2022_NCM.csv...
04/04/2022, 21:05:32
Update performed: version2.avro file was created in /persistent/brazil/exp/2022/
04/04/2022, 21:05:34
A directory named 21053204042022 has been created in /persistent/brazil/metadata/2022/
04/04/2022, 21:05:34
Working on: brazil | metadata | CUCI.csv...
04/04/2022, 21:05:38
File CUCI.avro was created in /persistent/brazil/metadata/2022/21053204042022
04/04/2022, 21:05:38
Working on: brazil | metadata | ISIC .csv...
04/04/2022, 21:05:42
File ISIC.avro was created in /persistent/brazil/metadata/2022/21053204042022
04/04/2022, 21:05:42
Working on: brazil | metadata | MUN.csv...
04/04/2022, 21:05:46
File MUN.avro was created in /persistent/brazil/metadata/2022/21053204042022
04/04/2022, 21:05:46
Working on: brazil | metadata | NCM.csv...
04/04/2022, 21:05:51
File NCM.avro was created in /persistent/brazil/metadata/2022/21053204042022
04/04/2022, 21:05:51
Working on: brazil | metadata | NCM_FAT_AGREG.csv...
04/04/2022, 21:05:55
File NCM_FAT_AGREG.avro was created in /persistent/brazil/metadata/2022/21053204042022
04/04/2022, 21:05:55
Working on: brazil | metadata | NCM_PPE.csv...
04/04/2022, 21:05:59
File NCM_PPE.avro was created in /persistent/brazil/metadata/2022/21053204042022
04/04/2022, 21:05:59
Working on: brazil | metadata | PAIS.csv...
04/04/2022, 21:06:03
File PAIS.avro was created in /persistent/brazil/metadata/2022/21053204042022
04/04/2022, 21:06:03
Working on: brazil | metadata | SH.csv...
04/04/2022, 21:06:08
File SH.avro was created in /persistent/brazil/metadata/2022/21053204042022
04/04/2022, 21:06:08
Working on: brazil | metadata | UF.csv...
04/04/2022, 21:06:11
File UF.avro was created in /persistent/brazil/metadata/2022/21053204042022
04/04/2022, 21:06:40
Working on: brazil | exports | EXP_2022_NCM.csv...
04/04/2022, 21:07:08
Update performed: version3.avro file was created in /persistent/brazil/exp/2022/
04/04/2022, 21:07:10
A directory named 21070804042022 has been created in /persistent/brazil/metadata/2022/
04/04/2022, 21:07:10
Working on: brazil | metadata | CUCI.csv...
04/04/2022, 21:07:14
File CUCI.avro was created in /persistent/brazil/metadata/2022/21070804042022
04/04/2022, 21:07:14
Working on: brazil | metadata | ISIC .csv...
04/04/2022, 21:07:18
File ISIC.avro was created in /persistent/brazil/metadata/2022/21070804042022
04/04/2022, 21:07:18
Working on: brazil | metadata | MUN.csv...
04/04/2022, 21:07:22
File MUN.avro was created in /persistent/brazil/metadata/2022/21070804042022
04/04/2022, 21:07:22
Working on: brazil | metadata | NCM.csv...
04/04/2022, 21:07:27
File NCM.avro was created in /persistent/brazil/metadata/2022/21070804042022
04/04/2022, 21:07:27
Working on: brazil | metadata | NCM_FAT_AGREG.csv...
04/04/2022, 21:07:31
File NCM_FAT_AGREG.avro was created in /persistent/brazil/metadata/2022/21070804042022
04/04/2022, 21:07:31
Working on: brazil | metadata | NCM_PPE.csv...
04/04/2022, 21:07:35
File NCM_PPE.avro was created in /persistent/brazil/metadata/2022/21070804042022
04/04/2022, 21:07:35
Working on: brazil | metadata | PAIS.csv...
04/04/2022, 21:07:38
File PAIS.avro was created in /persistent/brazil/metadata/2022/21070804042022
04/04/2022, 21:07:38
Working on: brazil | metadata | SH.csv...
04/04/2022, 21:07:43
File SH.avro was created in /persistent/brazil/metadata/2022/21070804042022
04/04/2022, 21:07:43
Working on: brazil | metadata | UF.csv...
04/04/2022, 21:07:47
File UF.avro was created in /persistent/brazil/metadata/2022/21070804042022
04/04/2022, 21:08:12
Working on: chile | imports | Importaciones Enero 2022.txt...
04/04/2022, 21:22:27
Update performed: version1.avro file was created in /persistent/chile/imp/2022/
04/04/2022, 21:22:30
Directory named 21222704042022 created in /persistent/chile/metadata/imp/2022/
04/04/2022, 21:22:30
Working on: chile | metadata | imports | EXPheaders.csv...
04/04/2022, 21:22:32
File EXPheaders.csv uploaded into /persistent/chile/metadata/imp/2022/
04/04/2022, 21:22:32
Working on: chile | metadata | imports | descripcion-y-estructura-de-datos-dus.xlsx...
04/04/2022, 21:22:34
File descripcion-y-estructura-de-datos-dus.xlsx uploaded into /persistent/chile/metadata/imp/2022/
04/04/2022, 21:22:36
Directory named 21222704042022 created in /persistent/chile/metadata/exp/2022/
04/04/2022, 21:22:36
Working on: chile | metadata | exports | descripcion-y-estructura-de-datos-din.xlsx...
04/04/2022, 21:22:38
File descripcion-y-estructura-de-datos-din.xlsx uploaded into /persistent/chile/metadata/exp/2022/
04/04/2022, 21:23:32
Working on: chile | imports | Importaciones Enero 2022.txt...
04/04/2022, 21:46:31
Update performed: version2.avro file was created in /persistent/chile/imp/2022/
04/04/2022, 21:46:34
Directory named 21463104042022 created in /persistent/chile/metadata/imp/2022/
04/04/2022, 21:46:34
Working on: chile | metadata | imports | EXPheaders.csv...
04/04/2022, 21:46:36
File EXPheaders.csv uploaded into /persistent/chile/metadata/imp/2022/
04/04/2022, 21:46:36
Working on: chile | metadata | imports | descripcion-y-estructura-de-datos-dus.xlsx...
04/04/2022, 21:46:38
File descripcion-y-estructura-de-datos-dus.xlsx uploaded into /persistent/chile/metadata/imp/2022/
04/04/2022, 21:46:40
Directory named 21463104042022 created in /persistent/chile/metadata/exp/2022/
04/04/2022, 21:46:40
Working on: chile | metadata | exports | descripcion-y-estructura-de-datos-din.xlsx...
04/04/2022, 21:46:43
File descripcion-y-estructura-de-datos-din.xlsx uploaded into /persistent/chile/metadata/exp/2022/
